21:39:20,624 (main) INFO  [uniandes.isis2304.vacuandes.interfazApp.InterfazVacuAndesApp] - Se encontró un archivo de configuración válido: Interfaz
21:39:20,625 (main) INFO  [uniandes.isis2304.vacuandes.interfazApp.InterfazVacuAndesApp] - Se aplica configuración indicada en el archivo de configuración
21:39:20,634 (main) INFO  [uniandes.isis2304.vacuandes.interfazApp.InterfazVacuAndesApp] - Se encontró un archivo de configuración válido: Tablas BD
21:39:24,335 (main) INFO  [uniandes.isis2304.vacuandes.negocio.VacuAndes] - Obteniendo etapa de VacuAndes
21:39:24,488 (main) INFO  [uniandes.isis2304.vacuandes.negocio.VacuAndes] - Etapa VacuAndes obtenida
21:41:58,485 (main) INFO  [uniandes.isis2304.vacuandes.interfazApp.InterfazVacuAndesApp] - Se encontró un archivo de configuración válido: Interfaz
21:41:58,486 (main) INFO  [uniandes.isis2304.vacuandes.interfazApp.InterfazVacuAndesApp] - Se aplica configuración indicada en el archivo de configuración
21:41:58,493 (main) INFO  [uniandes.isis2304.vacuandes.interfazApp.InterfazVacuAndesApp] - Se encontró un archivo de configuración válido: Tablas BD
21:42:00,339 (main) INFO  [uniandes.isis2304.vacuandes.negocio.VacuAndes] - Obteniendo etapa de VacuAndes
21:42:00,492 (main) INFO  [uniandes.isis2304.vacuandes.negocio.VacuAndes] - Etapa VacuAndes obtenida
21:42:25,202 (AWT-EventQueue-0) INFO  [uniandes.isis2304.vacuandes.negocio.VacuAndes] - Buscando InfoUsuario: OGARCIA
21:42:35,199 (AWT-EventQueue-0) INFO  [uniandes.isis2304.vacuandes.negocio.VacuAndes] - Buscando Ciudadano: 73849475
21:42:35,314 (AWT-EventQueue-0) INFO  [uniandes.isis2304.vacuandes.negocio.VacuAndes] - Buscando Punto: 15
21:42:35,464 (AWT-EventQueue-0) INFO  [uniandes.isis2304.vacuandes.negocio.VacuAndes] - Punto encontrado: 15
21:42:35,464 (AWT-EventQueue-0) INFO  [uniandes.isis2304.vacuandes.negocio.VacuAndes] - Buscando Vacunacion: 73849475 - 15
21:42:35,586 (AWT-EventQueue-0) INFO  [uniandes.isis2304.vacuandes.negocio.VacuAndes] - Consultando cantidad de vacunaciones del punto con id: 15
21:45:50,945 (main) INFO  [uniandes.isis2304.vacuandes.interfazApp.InterfazVacuAndesApp] - Se encontró un archivo de configuración válido: Interfaz
21:45:50,945 (main) INFO  [uniandes.isis2304.vacuandes.interfazApp.InterfazVacuAndesApp] - Se aplica configuración indicada en el archivo de configuración
21:45:50,953 (main) INFO  [uniandes.isis2304.vacuandes.interfazApp.InterfazVacuAndesApp] - Se encontró un archivo de configuración válido: Tablas BD
21:45:52,840 (main) INFO  [uniandes.isis2304.vacuandes.negocio.VacuAndes] - Obteniendo etapa de VacuAndes
21:45:53,024 (main) INFO  [uniandes.isis2304.vacuandes.negocio.VacuAndes] - Etapa VacuAndes obtenida
21:45:58,584 (main) INFO  [uniandes.isis2304.vacuandes.negocio.VacuAndes] - Buscando Etapa: 1
21:45:58,723 (main) INFO  [uniandes.isis2304.vacuandes.negocio.VacuAndes] - Etapa encontrada: 1
21:45:58,724 (main) INFO  [uniandes.isis2304.vacuandes.negocio.VacuAndes] - Adicionando etapa de VacuAndes
21:45:59,348 (main) INFO  [uniandes.isis2304.vacuandes.persistencia.PersistenciaVacuAndes] - Etapa de VacuAndes adicionada
21:45:59,349 (main) INFO  [uniandes.isis2304.vacuandes.negocio.VacuAndes] - Etapa de VacuAndes adicionada
21:46:09,932 (AWT-EventQueue-0) INFO  [uniandes.isis2304.vacuandes.negocio.VacuAndes] - Buscando InfoUsuario: OGARCIA
21:46:21,032 (AWT-EventQueue-0) INFO  [uniandes.isis2304.vacuandes.negocio.VacuAndes] - Buscando Ciudadano: 73849475
21:46:21,199 (AWT-EventQueue-0) INFO  [uniandes.isis2304.vacuandes.negocio.VacuAndes] - Buscando Punto: 15
21:46:21,372 (AWT-EventQueue-0) INFO  [uniandes.isis2304.vacuandes.negocio.VacuAndes] - Punto encontrado: 15
21:46:21,372 (AWT-EventQueue-0) INFO  [uniandes.isis2304.vacuandes.negocio.VacuAndes] - Buscando Vacunacion: 73849475 - 15
21:46:21,540 (AWT-EventQueue-0) INFO  [uniandes.isis2304.vacuandes.negocio.VacuAndes] - Consultando cantidad de vacunaciones del punto con id: 15
21:46:21,733 (AWT-EventQueue-0) INFO  [uniandes.isis2304.vacuandes.negocio.VacuAndes] - Consultando las condiciones de priorizacion asociadas al ciudadano con documento: 73849475
21:51:35,264 (main) INFO  [uniandes.isis2304.vacuandes.interfazApp.InterfazVacuAndesApp] - Se encontró un archivo de configuración válido: Interfaz
21:51:35,265 (main) INFO  [uniandes.isis2304.vacuandes.interfazApp.InterfazVacuAndesApp] - Se aplica configuración indicada en el archivo de configuración
21:51:35,273 (main) INFO  [uniandes.isis2304.vacuandes.interfazApp.InterfazVacuAndesApp] - Se encontró un archivo de configuración válido: Tablas BD
21:51:37,407 (main) INFO  [uniandes.isis2304.vacuandes.negocio.VacuAndes] - Obteniendo etapa de VacuAndes
21:51:37,605 (main) INFO  [uniandes.isis2304.vacuandes.negocio.VacuAndes] - Etapa VacuAndes obtenida
21:51:45,177 (AWT-EventQueue-0) INFO  [uniandes.isis2304.vacuandes.negocio.VacuAndes] - Buscando InfoUsuario: OGARCIA
21:51:53,817 (AWT-EventQueue-0) INFO  [uniandes.isis2304.vacuandes.negocio.VacuAndes] - Buscando Ciudadano: 73849475
21:51:53,942 (AWT-EventQueue-0) INFO  [uniandes.isis2304.vacuandes.negocio.VacuAndes] - Buscando Punto: 15
21:51:54,044 (AWT-EventQueue-0) INFO  [uniandes.isis2304.vacuandes.negocio.VacuAndes] - Punto encontrado: 15
21:51:54,044 (AWT-EventQueue-0) INFO  [uniandes.isis2304.vacuandes.negocio.VacuAndes] - Buscando Vacunacion: 73849475 - 15
21:51:54,222 (AWT-EventQueue-0) INFO  [uniandes.isis2304.vacuandes.negocio.VacuAndes] - Consultando cantidad de vacunaciones del punto con id: 15
21:51:54,385 (AWT-EventQueue-0) INFO  [uniandes.isis2304.vacuandes.negocio.VacuAndes] - Consultando las condiciones de priorizacion asociadas al ciudadano con documento: 73849475
21:54:24,377 (main) INFO  [uniandes.isis2304.vacuandes.interfazApp.InterfazVacuAndesApp] - Se encontró un archivo de configuración válido: Interfaz
21:54:24,377 (main) INFO  [uniandes.isis2304.vacuandes.interfazApp.InterfazVacuAndesApp] - Se aplica configuración indicada en el archivo de configuración
21:54:24,401 (main) INFO  [uniandes.isis2304.vacuandes.interfazApp.InterfazVacuAndesApp] - Se encontró un archivo de configuración válido: Tablas BD
21:54:26,441 (main) INFO  [uniandes.isis2304.vacuandes.negocio.VacuAndes] - Obteniendo etapa de VacuAndes
21:54:26,573 (main) INFO  [uniandes.isis2304.vacuandes.negocio.VacuAndes] - Etapa VacuAndes obtenida
21:54:37,446 (AWT-EventQueue-0) INFO  [uniandes.isis2304.vacuandes.negocio.VacuAndes] - Buscando InfoUsuario: OGARCIA
21:55:04,564 (AWT-EventQueue-0) INFO  [uniandes.isis2304.vacuandes.negocio.VacuAndes] - Buscando Ciudadano: 73849475
21:56:10,149 (AWT-EventQueue-0) INFO  [uniandes.isis2304.vacuandes.negocio.VacuAndes] - Buscando Punto: 15
21:56:10,263 (AWT-EventQueue-0) INFO  [uniandes.isis2304.vacuandes.negocio.VacuAndes] - Punto encontrado: 15
21:58:51,689 (main) INFO  [uniandes.isis2304.vacuandes.interfazApp.InterfazVacuAndesApp] - Se encontró un archivo de configuración válido: Interfaz
21:58:51,690 (main) INFO  [uniandes.isis2304.vacuandes.interfazApp.InterfazVacuAndesApp] - Se aplica configuración indicada en el archivo de configuración
21:58:51,702 (main) INFO  [uniandes.isis2304.vacuandes.interfazApp.InterfazVacuAndesApp] - Se encontró un archivo de configuración válido: Tablas BD
21:58:56,100 (main) INFO  [uniandes.isis2304.vacuandes.negocio.VacuAndes] - Obteniendo etapa de VacuAndes
21:58:56,359 (main) INFO  [uniandes.isis2304.vacuandes.negocio.VacuAndes] - Etapa VacuAndes obtenida
21:58:59,950 (main) INFO  [uniandes.isis2304.vacuandes.negocio.VacuAndes] - Buscando Etapa: 1
21:59:00,037 (main) INFO  [uniandes.isis2304.vacuandes.negocio.VacuAndes] - Etapa encontrada: 1
21:59:00,037 (main) INFO  [uniandes.isis2304.vacuandes.negocio.VacuAndes] - Adicionando etapa de VacuAndes
21:59:00,394 (main) INFO  [uniandes.isis2304.vacuandes.persistencia.PersistenciaVacuAndes] - Etapa de VacuAndes adicionada
21:59:00,395 (main) INFO  [uniandes.isis2304.vacuandes.negocio.VacuAndes] - Etapa de VacuAndes adicionada
21:59:09,907 (AWT-EventQueue-0) INFO  [uniandes.isis2304.vacuandes.negocio.VacuAndes] - Buscando InfoUsuario: OGARCIA
21:59:17,146 (AWT-EventQueue-0) INFO  [uniandes.isis2304.vacuandes.negocio.VacuAndes] - Buscando Ciudadano: 73849475
21:59:17,262 (AWT-EventQueue-0) INFO  [uniandes.isis2304.vacuandes.negocio.VacuAndes] - Buscando Punto: 15
21:59:17,340 (AWT-EventQueue-0) INFO  [uniandes.isis2304.vacuandes.negocio.VacuAndes] - Punto encontrado: 15
21:59:17,341 (AWT-EventQueue-0) INFO  [uniandes.isis2304.vacuandes.negocio.VacuAndes] - Buscando Vacunacion: 73849475 - 15
21:59:17,433 (AWT-EventQueue-0) INFO  [uniandes.isis2304.vacuandes.negocio.VacuAndes] - Consultando cantidad de vacunaciones del punto con id: 15
21:59:17,508 (AWT-EventQueue-0) INFO  [uniandes.isis2304.vacuandes.negocio.VacuAndes] - Consultando las condiciones de priorizacion asociadas al ciudadano con documento: 73849475
21:59:17,577 (AWT-EventQueue-0) INFO  [uniandes.isis2304.vacuandes.negocio.VacuAndes] - Buscando condiciones de priorización del punto con id: 15
21:59:17,644 (AWT-EventQueue-0) INFO  [uniandes.isis2304.vacuandes.negocio.VacuAndes] - Adicionando Vacunacion: 73849475 - 14
21:59:17,724 (AWT-EventQueue-0) ERROR [uniandes.isis2304.vacuandes.persistencia.PersistenciaVacuAndes] - Exception : Error con la ejecucion de Query de SQL "INSERT INTO VACUNACION(DOCUMENTO_CIUDADANO, ID_EPS, ID_PUNTO) values (?, ?, ?)".
ORA-00001: restricción única (ISIS2304B24202110.PK_VACUNACION) violada

21:59:17,778 (AWT-EventQueue-0) INFO  [uniandes.isis2304.vacuandes.negocio.VacuAndes] - Vacunacion adicionada: null
22:00:37,102 (main) INFO  [uniandes.isis2304.vacuandes.interfazApp.InterfazVacuAndesApp] - Se encontró un archivo de configuración válido: Interfaz
22:00:37,103 (main) INFO  [uniandes.isis2304.vacuandes.interfazApp.InterfazVacuAndesApp] - Se aplica configuración indicada en el archivo de configuración
22:00:37,115 (main) INFO  [uniandes.isis2304.vacuandes.interfazApp.InterfazVacuAndesApp] - Se encontró un archivo de configuración válido: Tablas BD
22:00:39,090 (main) INFO  [uniandes.isis2304.vacuandes.negocio.VacuAndes] - Obteniendo etapa de VacuAndes
22:00:39,250 (main) INFO  [uniandes.isis2304.vacuandes.negocio.VacuAndes] - Etapa VacuAndes obtenida
22:00:42,761 (main) INFO  [uniandes.isis2304.vacuandes.negocio.VacuAndes] - Buscando Etapa: 1
22:00:42,889 (main) INFO  [uniandes.isis2304.vacuandes.negocio.VacuAndes] - Etapa encontrada: 1
22:00:42,890 (main) INFO  [uniandes.isis2304.vacuandes.negocio.VacuAndes] - Adicionando etapa de VacuAndes
22:00:43,505 (main) INFO  [uniandes.isis2304.vacuandes.persistencia.PersistenciaVacuAndes] - Etapa de VacuAndes adicionada
22:00:43,505 (main) INFO  [uniandes.isis2304.vacuandes.negocio.VacuAndes] - Etapa de VacuAndes adicionada
22:00:54,609 (AWT-EventQueue-0) INFO  [uniandes.isis2304.vacuandes.negocio.VacuAndes] - Buscando InfoUsuario: OGARCIA
22:01:03,019 (AWT-EventQueue-0) INFO  [uniandes.isis2304.vacuandes.negocio.VacuAndes] - Buscando Ciudadano: 73849475
22:01:03,091 (AWT-EventQueue-0) INFO  [uniandes.isis2304.vacuandes.negocio.VacuAndes] - Buscando Punto: 15
22:01:03,163 (AWT-EventQueue-0) INFO  [uniandes.isis2304.vacuandes.negocio.VacuAndes] - Punto encontrado: 15
22:01:03,163 (AWT-EventQueue-0) INFO  [uniandes.isis2304.vacuandes.negocio.VacuAndes] - Buscando Vacunacion: 73849475 - 15
22:01:03,238 (AWT-EventQueue-0) INFO  [uniandes.isis2304.vacuandes.negocio.VacuAndes] - Consultando cantidad de vacunaciones del punto con id: 15
22:01:03,308 (AWT-EventQueue-0) INFO  [uniandes.isis2304.vacuandes.negocio.VacuAndes] - Consultando las condiciones de priorizacion asociadas al ciudadano con documento: 73849475
22:01:03,366 (AWT-EventQueue-0) INFO  [uniandes.isis2304.vacuandes.negocio.VacuAndes] - Buscando condiciones de priorización del punto con id: 15
22:01:03,439 (AWT-EventQueue-0) INFO  [uniandes.isis2304.vacuandes.negocio.VacuAndes] - Adicionando Vacunacion: 73849475 - 14
22:01:03,496 (AWT-EventQueue-0) ERROR [uniandes.isis2304.vacuandes.persistencia.PersistenciaVacuAndes] - Exception : Error con la ejecucion de Query de SQL "INSERT INTO VACUNACION(DOCUMENTO_CIUDADANO, ID_EPS, ID_PUNTO) values (?, ?, ?)".
ORA-00001: restricción única (ISIS2304B24202110.PK_VACUNACION) violada

22:01:03,553 (AWT-EventQueue-0) INFO  [uniandes.isis2304.vacuandes.negocio.VacuAndes] - Vacunacion adicionada: null
22:01:12,972 (main) INFO  [uniandes.isis2304.vacuandes.interfazApp.InterfazVacuAndesApp] - Se encontró un archivo de configuración válido: Interfaz
22:01:12,972 (main) INFO  [uniandes.isis2304.vacuandes.interfazApp.InterfazVacuAndesApp] - Se aplica configuración indicada en el archivo de configuración
22:01:12,985 (main) INFO  [uniandes.isis2304.vacuandes.interfazApp.InterfazVacuAndesApp] - Se encontró un archivo de configuración válido: Tablas BD
22:01:15,109 (main) INFO  [uniandes.isis2304.vacuandes.negocio.VacuAndes] - Obteniendo etapa de VacuAndes
22:01:15,293 (main) INFO  [uniandes.isis2304.vacuandes.negocio.VacuAndes] - Etapa VacuAndes obtenida
22:01:25,442 (AWT-EventQueue-0) INFO  [uniandes.isis2304.vacuandes.negocio.VacuAndes] - Buscando InfoUsuario: OGARCIA
22:01:49,596 (AWT-EventQueue-0) INFO  [uniandes.isis2304.vacuandes.negocio.VacuAndes] - Buscando Ciudadano: 73849475
22:01:50,797 (AWT-EventQueue-0) INFO  [uniandes.isis2304.vacuandes.negocio.VacuAndes] - Buscando Punto: 15
22:01:50,996 (AWT-EventQueue-0) INFO  [uniandes.isis2304.vacuandes.negocio.VacuAndes] - Punto encontrado: 15
22:02:10,892 (AWT-EventQueue-0) INFO  [uniandes.isis2304.vacuandes.negocio.VacuAndes] - Buscando Vacunacion: 73849475 - 15
22:02:15,093 (AWT-EventQueue-0) INFO  [uniandes.isis2304.vacuandes.negocio.VacuAndes] - Consultando cantidad de vacunaciones del punto con id: 15
22:02:35,804 (AWT-EventQueue-0) INFO  [uniandes.isis2304.vacuandes.negocio.VacuAndes] - Consultando las condiciones de priorizacion asociadas al ciudadano con documento: 73849475
22:02:52,757 (AWT-EventQueue-0) INFO  [uniandes.isis2304.vacuandes.negocio.VacuAndes] - Buscando condiciones de priorización del punto con id: 15
22:03:31,829 (AWT-EventQueue-0) INFO  [uniandes.isis2304.vacuandes.negocio.VacuAndes] - Adicionando Vacunacion: 73849475 - 14
22:03:37,172 (AWT-EventQueue-0) ERROR [uniandes.isis2304.vacuandes.persistencia.PersistenciaVacuAndes] - Exception : Error con la ejecucion de Query de SQL "INSERT INTO VACUNACION(DOCUMENTO_CIUDADANO, ID_EPS, ID_PUNTO) values (?, ?, ?)".
ORA-00001: restricción única (ISIS2304B24202110.PK_VACUNACION) violada

22:03:37,245 (AWT-EventQueue-0) INFO  [uniandes.isis2304.vacuandes.negocio.VacuAndes] - Vacunacion adicionada: null
22:05:04,944 (main) INFO  [uniandes.isis2304.vacuandes.interfazApp.InterfazVacuAndesApp] - Se encontró un archivo de configuración válido: Interfaz
22:05:04,944 (main) INFO  [uniandes.isis2304.vacuandes.interfazApp.InterfazVacuAndesApp] - Se aplica configuración indicada en el archivo de configuración
22:05:04,958 (main) INFO  [uniandes.isis2304.vacuandes.interfazApp.InterfazVacuAndesApp] - Se encontró un archivo de configuración válido: Tablas BD
22:05:07,126 (main) INFO  [uniandes.isis2304.vacuandes.negocio.VacuAndes] - Obteniendo etapa de VacuAndes
22:05:07,277 (main) INFO  [uniandes.isis2304.vacuandes.negocio.VacuAndes] - Etapa VacuAndes obtenida
22:05:15,682 (AWT-EventQueue-0) INFO  [uniandes.isis2304.vacuandes.negocio.VacuAndes] - Buscando InfoUsuario: OGARCIA
22:05:31,725 (AWT-EventQueue-0) INFO  [uniandes.isis2304.vacuandes.negocio.VacuAndes] - Buscando Ciudadano: 73849475
22:05:32,564 (AWT-EventQueue-0) INFO  [uniandes.isis2304.vacuandes.negocio.VacuAndes] - Buscando Punto: 15
22:05:32,919 (AWT-EventQueue-0) INFO  [uniandes.isis2304.vacuandes.negocio.VacuAndes] - Punto encontrado: 15
22:05:33,612 (AWT-EventQueue-0) INFO  [uniandes.isis2304.vacuandes.negocio.VacuAndes] - Buscando Vacunacion: 73849475 - 15
22:05:34,493 (AWT-EventQueue-0) INFO  [uniandes.isis2304.vacuandes.negocio.VacuAndes] - Consultando cantidad de vacunaciones del punto con id: 15
22:05:37,685 (AWT-EventQueue-0) INFO  [uniandes.isis2304.vacuandes.negocio.VacuAndes] - Consultando las condiciones de priorizacion asociadas al ciudadano con documento: 73849475
22:05:37,909 (AWT-EventQueue-0) INFO  [uniandes.isis2304.vacuandes.negocio.VacuAndes] - Buscando condiciones de priorización del punto con id: 15
22:05:39,780 (AWT-EventQueue-0) INFO  [uniandes.isis2304.vacuandes.negocio.VacuAndes] - Adicionando Vacunacion: 73849475 - 14
22:10:09,827 (main) INFO  [uniandes.isis2304.vacuandes.interfazApp.InterfazVacuAndesApp] - Se encontró un archivo de configuración válido: Interfaz
22:10:09,827 (main) INFO  [uniandes.isis2304.vacuandes.interfazApp.InterfazVacuAndesApp] - Se aplica configuración indicada en el archivo de configuración
22:10:09,834 (main) INFO  [uniandes.isis2304.vacuandes.interfazApp.InterfazVacuAndesApp] - Se encontró un archivo de configuración válido: Tablas BD
22:10:12,781 (main) INFO  [uniandes.isis2304.vacuandes.negocio.VacuAndes] - Obteniendo etapa de VacuAndes
22:10:13,130 (main) INFO  [uniandes.isis2304.vacuandes.negocio.VacuAndes] - Etapa VacuAndes obtenida
22:10:21,315 (AWT-EventQueue-0) INFO  [uniandes.isis2304.vacuandes.negocio.VacuAndes] - Buscando InfoUsuario: OGARCIA
22:10:36,810 (AWT-EventQueue-0) INFO  [uniandes.isis2304.vacuandes.negocio.VacuAndes] - Buscando Ciudadano: 7283893
22:10:36,956 (AWT-EventQueue-0) INFO  [uniandes.isis2304.vacuandes.negocio.VacuAndes] - Buscando Punto: 15
22:10:37,090 (AWT-EventQueue-0) INFO  [uniandes.isis2304.vacuandes.negocio.VacuAndes] - Punto encontrado: 15
22:10:37,090 (AWT-EventQueue-0) INFO  [uniandes.isis2304.vacuandes.negocio.VacuAndes] - Buscando Vacunacion: 7283893 - 15
22:10:37,243 (AWT-EventQueue-0) INFO  [uniandes.isis2304.vacuandes.negocio.VacuAndes] - Consultando cantidad de vacunaciones del punto con id: 15
22:10:37,418 (AWT-EventQueue-0) INFO  [uniandes.isis2304.vacuandes.negocio.VacuAndes] - Consultando las condiciones de priorizacion asociadas al ciudadano con documento: 7283893
22:10:37,601 (AWT-EventQueue-0) INFO  [uniandes.isis2304.vacuandes.negocio.VacuAndes] - Buscando condiciones de priorización del punto con id: 15
22:10:37,778 (AWT-EventQueue-0) INFO  [uniandes.isis2304.vacuandes.negocio.VacuAndes] - Adicionando Vacunacion: 7283893 - 14
22:10:38,871 (AWT-EventQueue-0) ERROR [uniandes.isis2304.vacuandes.persistencia.PersistenciaVacuAndes] - Exception : Error con la ejecucion de Query de SQL "INSERT INTO VACUNACION(DOCUMENTO_CIUDADANO, ID_EPS, ID_PUNTO) values (?, ?, ?)".
ORA-00001: restricción única (ISIS2304B24202110.PK_VACUNACION) violada

22:10:39,118 (AWT-EventQueue-0) INFO  [uniandes.isis2304.vacuandes.negocio.VacuAndes] - Vacunacion adicionada: null
