11:42:05,711 (AWT-EventQueue-0) INFO  [uniandes.isis2304.parranderos.negocio.Parranderos] - Limpiando la BD de Parranderos
11:42:05,809 (AWT-EventQueue-0) INFO  [uniandes.isis2304.parranderos.persistencia.PersistenciaParranderos] - Borrada la base de datos
11:42:05,810 (AWT-EventQueue-0) INFO  [uniandes.isis2304.parranderos.negocio.Parranderos] - Limpiando la BD de Parranderos: Listo!
17:49:19,884 (main) INFO  [uniandes.isis2304.parranderos.interfazApp.InterfazParranderosApp] - Se encontró un archivo de configuración válido: Interfaz
17:49:19,884 (main) INFO  [uniandes.isis2304.parranderos.interfazApp.InterfazParranderosApp] - Se aplica configuración indicada en el archivo de configuración
17:49:19,896 (main) INFO  [uniandes.isis2304.parranderos.interfazApp.InterfazParranderosApp] - Se encontró un archivo de configuración válido: Tablas BD
18:24:30,541 (main) INFO  [uniandes.isis2304.parranderos.interfazApp.InterfazParranderosApp] - Se encontró un archivo de configuración válido: Interfaz
18:24:30,550 (main) INFO  [uniandes.isis2304.parranderos.interfazApp.InterfazParranderosApp] - Se aplica configuración indicada en el archivo de configuración
18:24:30,617 (main) INFO  [uniandes.isis2304.parranderos.interfazApp.InterfazParranderosApp] - Se encontró un archivo de configuración válido: Tablas BD
18:26:52,041 (main) INFO  [uniandes.isis2304.parranderos.interfazApp.InterfazParranderosApp] - Se encontró un archivo de configuración válido: Interfaz
18:26:52,042 (main) INFO  [uniandes.isis2304.parranderos.interfazApp.InterfazParranderosApp] - Se aplica configuración indicada en el archivo de configuración
18:26:52,099 (main) INFO  [uniandes.isis2304.parranderos.interfazApp.InterfazParranderosApp] - Se encontró un archivo de configuración válido: Tablas BD
18:27:54,619 (main) INFO  [uniandes.isis2304.parranderos.interfazApp.InterfazParranderosApp] - Se encontró un archivo de configuración válido: Interfaz
18:27:54,621 (main) INFO  [uniandes.isis2304.parranderos.interfazApp.InterfazParranderosApp] - Se aplica configuración indicada en el archivo de configuración
18:27:54,726 (main) INFO  [uniandes.isis2304.parranderos.interfazApp.InterfazParranderosApp] - Se encontró un archivo de configuración válido: Tablas BD
18:29:55,971 (main) INFO  [uniandes.isis2304.parranderos.test.TipoBebidaTest] - Probando la restricción de UNICIDAD del nombre del tipo de bebida
18:29:56,088 (main) INFO  [uniandes.isis2304.parranderos.test.TipoBebidaTest] - Se encontró un archivo de configuración de tablas válido
18:30:00,267 (main) INFO  [uniandes.isis2304.parranderos.negocio.Parranderos] - Generando los VO de Tipos de bebida
18:30:00,388 (main) INFO  [uniandes.isis2304.parranderos.negocio.Parranderos] - Limpiando la BD de Parranderos
18:30:00,821 (main) ERROR [uniandes.isis2304.parranderos.persistencia.PersistenciaParranderos] - Exception : Error executing SQL query "DELETE FROM A_GUSTAN".
ORA-00942: table or view does not exist

18:30:00,889 (main) INFO  [uniandes.isis2304.parranderos.negocio.Parranderos] - Limpiando la BD de Parranderos: Listo!
18:30:00,949 (main) INFO  [uniandes.isis2304.parranderos.test.TipoBebidaTest] - Probando las operaciones CRD sobre TipoBebida
18:30:00,950 (main) INFO  [uniandes.isis2304.parranderos.test.TipoBebidaTest] - Se encontró un archivo de configuración de tablas válido
18:30:01,917 (main) INFO  [uniandes.isis2304.parranderos.negocio.Parranderos] - Generando los VO de Tipos de bebida
18:30:02,014 (main) INFO  [uniandes.isis2304.parranderos.negocio.Parranderos] - Limpiando la BD de Parranderos
18:30:03,459 (main) ERROR [uniandes.isis2304.parranderos.persistencia.PersistenciaParranderos] - Exception : Error executing SQL query "DELETE FROM A_GUSTAN".
ORA-00942: table or view does not exist

18:30:03,807 (main) INFO  [uniandes.isis2304.parranderos.negocio.Parranderos] - Limpiando la BD de Parranderos: Listo!
18:30:03,858 (main) INFO  [uniandes.isis2304.parranderos.test.ConexionTest] - Probando el acceso a la base de datos con datos de usuario correctos, pero sin crear el esquema
18:30:03,916 (main) INFO  [uniandes.isis2304.parranderos.test.ConexionTest] - Se encontró un archivo de configuración de tablas válido
18:30:04,568 (main) INFO  [uniandes.isis2304.parranderos.negocio.Parranderos] - Consultando Tipos de bebida
18:30:04,652 (main) INFO  [uniandes.isis2304.parranderos.test.ConexionTest] - Prueba de tabla inexistente correcta. La excepción generada es: javax.jdo.JDODataStoreException
18:30:04,652 (main) INFO  [uniandes.isis2304.parranderos.test.ConexionTest] - La causa es: java.sql.SQLSyntaxErrorException: ORA-00942: table or view does not exist

18:30:04,652 (main) INFO  [uniandes.isis2304.parranderos.negocio.Parranderos] - Limpiando la BD de Parranderos
18:30:05,110 (main) ERROR [uniandes.isis2304.parranderos.persistencia.PersistenciaParranderos] - Exception : Error executing SQL query "DELETE FROM B_GUSTAN".
ORA-00942: table or view does not exist

18:30:05,148 (main) INFO  [uniandes.isis2304.parranderos.negocio.Parranderos] - Limpiando la BD de Parranderos: Listo!
18:30:05,182 (main) INFO  [uniandes.isis2304.parranderos.test.ConexionTest] - Probando el acceso a la base de datos con una base de datos que no existe
18:30:05,183 (main) INFO  [uniandes.isis2304.parranderos.test.ConexionTest] - Se encontró un archivo de configuración de tablas válido
18:30:18,349 (main) INFO  [uniandes.isis2304.parranderos.test.ConexionTest] - Prueba realizada exitosamente. La excepción generada es: javax.jdo.JDOFatalUserException
18:30:18,357 (main) INFO  [uniandes.isis2304.parranderos.test.ConexionTest] - La causa es: javax.jdo.JDOFatalDataStoreException: IO Error: The Network Adapter could not establish the connection
NestedThrowables:
java.sql.SQLRecoverableException: IO Error: The Network Adapter could not establish the connection
18:30:18,358 (main) INFO  [uniandes.isis2304.parranderos.test.ConexionTest] - Probando el acceso a la base de datos con datos de usuario incorrectos
18:30:18,360 (main) INFO  [uniandes.isis2304.parranderos.test.ConexionTest] - Se encontró un archivo de configuración de tablas válido
18:30:30,500 (main) INFO  [uniandes.isis2304.parranderos.test.ConexionTest] - Prueba realizada exitosamente. La excepción generada es: javax.jdo.JDOFatalUserException
18:30:30,500 (main) INFO  [uniandes.isis2304.parranderos.test.ConexionTest] - La causa es: javax.jdo.JDOFatalDataStoreException: IO Error: The Network Adapter could not establish the connection
NestedThrowables:
java.sql.SQLRecoverableException: IO Error: The Network Adapter could not establish the connection
18:30:30,501 (main) INFO  [uniandes.isis2304.parranderos.test.ConexionTest] - Probando el acceso a la base de datos con datos válidos (BD, credenciales, esquema
18:30:30,557 (main) INFO  [uniandes.isis2304.parranderos.test.ConexionTest] - Se encontró un archivo de configuración de tablas válido
18:30:32,840 (main) INFO  [uniandes.isis2304.parranderos.test.ConexionTest] - Conexión realizada correstamente
18:30:32,840 (main) INFO  [uniandes.isis2304.parranderos.test.ConexionTest] - Cerrando la conexión
18:30:33,084 (main) INFO  [uniandes.isis2304.parranderos.test.ConexionTest] - Conexión cerrada
19:22:44,772 (main) INFO  [uniandes.isis2304.parranderos.test.TipoBebidaTest] - Probando la restricción de UNICIDAD del nombre del tipo de bebida
19:22:44,850 (main) INFO  [uniandes.isis2304.parranderos.test.TipoBebidaTest] - Se encontró un archivo de configuración de tablas válido
19:22:48,458 (main) INFO  [uniandes.isis2304.parranderos.negocio.Parranderos] - Generando los VO de Tipos de bebida
19:22:48,820 (main) INFO  [uniandes.isis2304.parranderos.negocio.Parranderos] - Generando los VO de Tipos de bebida: 0 existentes
19:22:48,820 (main) INFO  [uniandes.isis2304.parranderos.negocio.Parranderos] - Adicionando Tipo de bebida: Vino tinto
19:22:49,528 (main) INFO  [uniandes.isis2304.parranderos.negocio.Parranderos] - Adicionando Tipo de bebida: TipoBebida [id=1, nombre=Vino tinto]
19:22:49,528 (main) INFO  [uniandes.isis2304.parranderos.negocio.Parranderos] - Generando los VO de Tipos de bebida
19:22:49,786 (main) INFO  [uniandes.isis2304.parranderos.negocio.Parranderos] - Generando los VO de Tipos de bebida: 1 existentes
19:22:49,786 (main) INFO  [uniandes.isis2304.parranderos.negocio.Parranderos] - Adicionando Tipo de bebida: Vino tinto
19:22:49,944 (main) ERROR [uniandes.isis2304.parranderos.persistencia.PersistenciaParranderos] - Exception : Error executing SQL query "INSERT INTO A_TIPOBEBIDA(id, nombre) values (?, ?)".
ORA-00001: unique constraint (ISIS2304B12202110.UN_TIPOBEB_NOMBRE) violated

19:22:50,034 (main) INFO  [uniandes.isis2304.parranderos.negocio.Parranderos] - Adicionando Tipo de bebida: null
19:22:50,034 (main) INFO  [uniandes.isis2304.parranderos.negocio.Parranderos] - Limpiando la BD de Parranderos
19:22:50,734 (main) INFO  [uniandes.isis2304.parranderos.persistencia.PersistenciaParranderos] - Borrada la base de datos
19:22:50,734 (main) INFO  [uniandes.isis2304.parranderos.negocio.Parranderos] - Limpiando la BD de Parranderos: Listo!
19:22:51,041 (main) INFO  [uniandes.isis2304.parranderos.test.TipoBebidaTest] - Probando las operaciones CRD sobre TipoBebida
19:22:51,042 (main) INFO  [uniandes.isis2304.parranderos.test.TipoBebidaTest] - Se encontró un archivo de configuración de tablas válido
19:22:52,131 (main) INFO  [uniandes.isis2304.parranderos.negocio.Parranderos] - Generando los VO de Tipos de bebida
19:22:52,240 (main) INFO  [uniandes.isis2304.parranderos.negocio.Parranderos] - Generando los VO de Tipos de bebida: 0 existentes
19:22:52,240 (main) INFO  [uniandes.isis2304.parranderos.negocio.Parranderos] - Adicionando Tipo de bebida: Vino tinto
19:22:53,301 (main) INFO  [uniandes.isis2304.parranderos.negocio.Parranderos] - Adicionando Tipo de bebida: TipoBebida [id=3, nombre=Vino tinto]
19:22:53,301 (main) INFO  [uniandes.isis2304.parranderos.negocio.Parranderos] - Generando los VO de Tipos de bebida
19:22:53,427 (main) INFO  [uniandes.isis2304.parranderos.negocio.Parranderos] - Generando los VO de Tipos de bebida: 1 existentes
19:22:53,427 (main) INFO  [uniandes.isis2304.parranderos.negocio.Parranderos] - Adicionando Tipo de bebida: Cerveza
19:22:53,859 (main) INFO  [uniandes.isis2304.parranderos.negocio.Parranderos] - Adicionando Tipo de bebida: TipoBebida [id=4, nombre=Cerveza]
19:22:53,859 (main) INFO  [uniandes.isis2304.parranderos.negocio.Parranderos] - Generando los VO de Tipos de bebida
19:22:53,908 (main) INFO  [uniandes.isis2304.parranderos.negocio.Parranderos] - Generando los VO de Tipos de bebida: 2 existentes
19:22:53,908 (main) INFO  [uniandes.isis2304.parranderos.negocio.Parranderos] - Eliminando Tipo de bebida por id: 3
19:22:53,953 (main) INFO  [uniandes.isis2304.parranderos.negocio.Parranderos] - Eliminando Tipo de bebida por id: 1 tuplas eliminadas
19:22:53,953 (main) INFO  [uniandes.isis2304.parranderos.negocio.Parranderos] - Generando los VO de Tipos de bebida
19:22:54,072 (main) INFO  [uniandes.isis2304.parranderos.negocio.Parranderos] - Generando los VO de Tipos de bebida: 1 existentes
19:22:54,073 (main) INFO  [uniandes.isis2304.parranderos.negocio.Parranderos] - Eliminando Tipo de bebida por nombre: Cerveza
19:22:54,453 (main) INFO  [uniandes.isis2304.parranderos.negocio.Parranderos] - Eliminando Tipo de bebida por nombre: 1 tuplas eliminadas
19:22:54,453 (main) INFO  [uniandes.isis2304.parranderos.negocio.Parranderos] - Generando los VO de Tipos de bebida
19:22:54,481 (main) INFO  [uniandes.isis2304.parranderos.negocio.Parranderos] - Generando los VO de Tipos de bebida: 0 existentes
19:22:54,482 (main) INFO  [uniandes.isis2304.parranderos.negocio.Parranderos] - Limpiando la BD de Parranderos
19:22:55,002 (main) INFO  [uniandes.isis2304.parranderos.persistencia.PersistenciaParranderos] - Borrada la base de datos
19:22:55,002 (main) INFO  [uniandes.isis2304.parranderos.negocio.Parranderos] - Limpiando la BD de Parranderos: Listo!
19:22:55,270 (main) INFO  [uniandes.isis2304.parranderos.test.ConexionTest] - Probando el acceso a la base de datos con datos de usuario correctos, pero sin crear el esquema
19:22:55,345 (main) INFO  [uniandes.isis2304.parranderos.test.ConexionTest] - Se encontró un archivo de configuración de tablas válido
19:22:56,775 (main) INFO  [uniandes.isis2304.parranderos.negocio.Parranderos] - Consultando Tipos de bebida
19:22:56,939 (main) INFO  [uniandes.isis2304.parranderos.test.ConexionTest] - Prueba de tabla inexistente correcta. La excepción generada es: javax.jdo.JDODataStoreException
19:22:56,939 (main) INFO  [uniandes.isis2304.parranderos.test.ConexionTest] - La causa es: java.sql.SQLSyntaxErrorException: ORA-00942: table or view does not exist

19:22:56,939 (main) INFO  [uniandes.isis2304.parranderos.negocio.Parranderos] - Limpiando la BD de Parranderos
19:22:58,021 (main) ERROR [uniandes.isis2304.parranderos.persistencia.PersistenciaParranderos] - Exception : Error executing SQL query "DELETE FROM B_GUSTAN".
ORA-00942: table or view does not exist

19:22:58,062 (main) INFO  [uniandes.isis2304.parranderos.negocio.Parranderos] - Limpiando la BD de Parranderos: Listo!
19:22:58,090 (main) INFO  [uniandes.isis2304.parranderos.test.ConexionTest] - Probando el acceso a la base de datos con una base de datos que no existe
19:22:58,104 (main) INFO  [uniandes.isis2304.parranderos.test.ConexionTest] - Se encontró un archivo de configuración de tablas válido
19:23:10,357 (main) INFO  [uniandes.isis2304.parranderos.test.ConexionTest] - Prueba realizada exitosamente. La excepción generada es: javax.jdo.JDOFatalUserException
19:23:10,366 (main) INFO  [uniandes.isis2304.parranderos.test.ConexionTest] - La causa es: javax.jdo.JDOFatalDataStoreException: IO Error: The Network Adapter could not establish the connection
NestedThrowables:
java.sql.SQLRecoverableException: IO Error: The Network Adapter could not establish the connection
19:23:10,366 (main) INFO  [uniandes.isis2304.parranderos.test.ConexionTest] - Probando el acceso a la base de datos con datos de usuario incorrectos
19:23:10,370 (main) INFO  [uniandes.isis2304.parranderos.test.ConexionTest] - Se encontró un archivo de configuración de tablas válido
19:23:22,548 (main) INFO  [uniandes.isis2304.parranderos.test.ConexionTest] - Prueba realizada exitosamente. La excepción generada es: javax.jdo.JDOFatalUserException
19:23:22,548 (main) INFO  [uniandes.isis2304.parranderos.test.ConexionTest] - La causa es: javax.jdo.JDOFatalDataStoreException: IO Error: The Network Adapter could not establish the connection
NestedThrowables:
java.sql.SQLRecoverableException: IO Error: The Network Adapter could not establish the connection
19:23:22,548 (main) INFO  [uniandes.isis2304.parranderos.test.ConexionTest] - Probando el acceso a la base de datos con datos válidos (BD, credenciales, esquema
19:23:22,549 (main) INFO  [uniandes.isis2304.parranderos.test.ConexionTest] - Se encontró un archivo de configuración de tablas válido
19:23:27,023 (main) INFO  [uniandes.isis2304.parranderos.test.ConexionTest] - Conexión realizada correstamente
19:23:27,023 (main) INFO  [uniandes.isis2304.parranderos.test.ConexionTest] - Cerrando la conexión
19:23:27,704 (main) INFO  [uniandes.isis2304.parranderos.test.ConexionTest] - Conexión cerrada
